<?xml version="1.0" encoding="UTF-8"?>
<!-- Generated by org.testng.reporters.JUnitXMLReporter -->
<testsuite hostname="Santhosh-E4310" name="Selenium TestNG - 1" tests="3" failures="0" timestamp="22 Apr 2014 07:07:13 GMT" time="11.466" errors="0">
  <testcase name="hdfc" time="2.269" classname="com.projectname.grid.HDFC"/>
  <testcase name="newwindow" time="0.901" classname="com.projectname.grid.HDFC"/>
  <testcase name="frame" time="1.861" classname="com.projectname.grid.HDFC"/>
</testsuite> <!-- Selenium TestNG - 1 -->
