<?xml version="1.0" encoding="UTF-8"?>
<testng-results skipped="0" failed="0" total="1" passed="1">
  <reporter-output>
  </reporter-output>
  <suite name="Default suite" duration-ms="321791" started-at="2014-04-18T10:32:44Z" finished-at="2014-04-18T10:38:06Z">
    <groups>
    </groups>
    <test name="Default test" duration-ms="321791" started-at="2014-04-18T10:32:44Z" finished-at="2014-04-18T10:38:06Z">
      <class name="com.projectname.scripts.DriverScriptTest">
        <test-method status="PASS" signature="beforeClass()[pri:0, instance:com.projectname.scripts.DriverScriptTest@19e185b9]" name="beforeClass" is-config="true" duration-ms="503" started-at="2014-04-18T16:02:44Z" finished-at="2014-04-18T16:02:45Z">
          <reporter-output>
          </reporter-output>
        </test-method> <!-- beforeClass -->
        <test-method status="PASS" signature="driverScript()[pri:0, instance:com.projectname.scripts.DriverScriptTest@19e185b9]" name="driverScript" duration-ms="321265" started-at="2014-04-18T16:02:45Z" finished-at="2014-04-18T16:08:06Z">
          <reporter-output>
          </reporter-output>
        </test-method> <!-- driverScript -->
        <test-method status="PASS" signature="endScript()[pri:0, instance:com.projectname.scripts.DriverScriptTest@19e185b9]" name="endScript" is-config="true" duration-ms="7375" started-at="2014-04-18T16:08:06Z" finished-at="2014-04-18T16:08:13Z">
          <reporter-output>
          </reporter-output>
        </test-method> <!-- endScript -->
      </class> <!-- com.projectname.scripts.DriverScriptTest -->
    </test> <!-- Default test -->
  </suite> <!-- Default suite -->
</testng-results>
