<?xml version="1.0" encoding="UTF-8"?>
<testng-results skipped="0" failed="0" total="1" passed="1">
  <reporter-output>
  </reporter-output>
  <suite name="Default suite" duration-ms="115559" started-at="2014-04-23T12:10:19Z" finished-at="2014-04-23T12:12:15Z">
    <groups>
    </groups>
    <test name="Default test" duration-ms="115559" started-at="2014-04-23T12:10:19Z" finished-at="2014-04-23T12:12:15Z">
      <class name="com.projectname.scripts.DriverScriptTest">
        <test-method status="PASS" signature="beforeClass()[pri:0, instance:com.projectname.scripts.DriverScriptTest@78462a0c]" name="beforeClass" is-config="true" duration-ms="897" started-at="2014-04-23T17:40:19Z" finished-at="2014-04-23T17:40:20Z">
          <reporter-output>
          </reporter-output>
        </test-method> <!-- beforeClass -->
        <test-method status="PASS" signature="driverScript()[pri:0, instance:com.projectname.scripts.DriverScriptTest@78462a0c]" name="driverScript" duration-ms="114636" started-at="2014-04-23T17:40:20Z" finished-at="2014-04-23T17:42:15Z">
          <reporter-output>
          </reporter-output>
        </test-method> <!-- driverScript -->
        <test-method status="PASS" signature="endScript()[pri:0, instance:com.projectname.scripts.DriverScriptTest@78462a0c]" name="endScript" is-config="true" duration-ms="8600" started-at="2014-04-23T17:42:15Z" finished-at="2014-04-23T17:42:24Z">
          <reporter-output>
          </reporter-output>
        </test-method> <!-- endScript -->
      </class> <!-- com.projectname.scripts.DriverScriptTest -->
    </test> <!-- Default test -->
  </suite> <!-- Default suite -->
</testng-results>
